# JRE version: OpenJDK Runtime Environment (8.0_242-b01) (build 1.8.0_242-release-1644-b01)
# Java VM: OpenJDK 64-Bit Server VM (25.242-b01 mixed mode windows-amd64 compressed oops)
Heap:
 PSYoungGen      total 299008K, used 222671K [0x00000000e0000000, 0x00000000f8800000, 0x0000000100000000)
  eden space 256512K, 72% used [0x00000000e0000000,0x00000000eb484ab0,0x00000000efa80000)
  from space 42496K, 88% used [0x00000000efa80000,0x00000000f1f6f4a0,0x00000000f2400000)
  to   space 47104K, 0% used [0x00000000f5a00000,0x00000000f5a00000,0x00000000f8800000)
 ParOldGen       total 198144K, used 84370K [0x00000000a0000000, 0x00000000ac180000, 0x00000000e0000000)
  object space 198144K, 42% used [0x00000000a0000000,0x00000000a5264bb8,0x00000000ac180000)
 Metaspace       used 92385K, capacity 97058K, committed 97280K, reserved 1132544K
  class space    used 12400K, capacity 13306K, committed 13312K, reserved 1048576K
GC Heap History (10 events):
Event: 318.639 GC heap before
{Heap before GC invocations=18 (full 3):
 PSYoungGen      total 219136K, used 206799K [0x00000000e0000000, 0x00000000eef00000, 0x0000000100000000)
  eden space 196608K, 100% used [0x00000000e0000000,0x00000000ec000000,0x00000000ec000000)
  from space 22528K, 45% used [0x00000000ed900000,0x00000000ee2f3d10,0x00000000eef00000)
  to   space 24064K, 0% used [0x00000000ec000000,0x00000000ec000000,0x00000000ed780000)
 ParOldGen       total 198144K, used 57333K [0x00000000a0000000, 0x00000000ac180000, 0x00000000e0000000)
  object space 198144K, 28% used [0x00000000a0000000,0x00000000a37fd708,0x00000000ac180000)
 Metaspace       used 73344K, capacity 76958K, committed 77184K, reserved 1116160K
  class space    used 9836K, capacity 10526K, committed 10624K, reserved 1048576K
Event: 318.663 GC heap after
Heap after GC invocations=18 (full 3):
 PSYoungGen      total 220672K, used 22778K [0x00000000e0000000, 0x00000000f1200000, 0x0000000100000000)
  eden space 196608K, 0% used [0x00000000e0000000,0x00000000e0000000,0x00000000ec000000)
  from space 24064K, 94% used [0x00000000ec000000,0x00000000ed63ea28,0x00000000ed780000)
  to   space 26624K, 0% used [0x00000000ef800000,0x00000000ef800000,0x00000000f1200000)
 ParOldGen       total 198144K, used 57341K [0x00000000a0000000, 0x00000000ac180000, 0x00000000e0000000)
  object space 198144K, 28% used [0x00000000a0000000,0x00000000a37ff708,0x00000000ac180000)
 Metaspace       used 73344K, capacity 76958K, committed 77184K, reserved 1116160K
  class space    used 9836K, capacity 10526K, committed 10624K, reserved 1048576K
}
Event: 340.220 GC heap before
{Heap before GC invocations=19 (full 3):
 PSYoungGen      total 220672K, used 219386K [0x00000000e0000000, 0x00000000f1200000, 0x0000000100000000)
  eden space 196608K, 100% used [0x00000000e0000000,0x00000000ec000000,0x00000000ec000000)
  from space 24064K, 94% used [0x00000000ec000000,0x00000000ed63ea28,0x00000000ed780000)
  to   space 26624K, 0% used [0x00000000ef800000,0x00000000ef800000,0x00000000f1200000)
 ParOldGen       total 198144K, used 57341K [0x00000000a0000000, 0x00000000ac180000, 0x00000000e0000000)
  object space 198144K, 28% used [0x00000000a0000000,0x00000000a37ff708,0x00000000ac180000)
 Metaspace       used 78382K, capacity 82196K, committed 82304K, reserved 1120256K
  class space    used 10499K, capacity 11287K, committed 11392K, reserved 1048576K
Event: 340.260 GC heap after
Heap after GC invocations=19 (full 3):
 PSYoungGen      total 247808K, used 26609K [0x00000000e0000000, 0x00000000f1980000, 0x0000000100000000)
  eden space 221184K, 0% used [0x00000000e0000000,0x00000000e0000000,0x00000000ed800000)
  from space 26624K, 99% used [0x00000000ef800000,0x00000000f11fc720,0x00000000f1200000)
  to   space 32768K, 0% used [0x00000000ed800000,0x00000000ed800000,0x00000000ef800000)
 ParOldGen       total 198144K, used 65109K [0x00000000a0000000, 0x00000000ac180000, 0x00000000e0000000)
  object space 198144K, 32% used [0x00000000a0000000,0x00000000a3f95758,0x00000000ac180000)
 Metaspace       used 78382K, capacity 82196K, committed 82304K, reserved 1120256K
  class space    used 10499K, capacity 11287K, committed 11392K, reserved 1048576K
}
Event: 342.902 GC heap before
{Heap before GC invocations=20 (full 3):
 PSYoungGen      total 247808K, used 247793K [0x00000000e0000000, 0x00000000f1980000, 0x0000000100000000)
  eden space 221184K, 100% used [0x00000000e0000000,0x00000000ed800000,0x00000000ed800000)
  from space 26624K, 99% used [0x00000000ef800000,0x00000000f11fc720,0x00000000f1200000)
  to   space 32768K, 0% used [0x00000000ed800000,0x00000000ed800000,0x00000000ef800000)
 ParOldGen       total 198144K, used 65109K [0x00000000a0000000, 0x00000000ac180000, 0x00000000e0000000)
  object space 198144K, 32% used [0x00000000a0000000,0x00000000a3f95758,0x00000000ac180000)
 Metaspace       used 83827K, capacity 87716K, committed 88064K, reserved 1126400K
  class space    used 11173K, capacity 11967K, committed 12032K, reserved 1048576K
Event: 343.029 GC heap after
Heap after GC invocations=20 (full 3):
 PSYoungGen      total 253952K, used 32742K [0x00000000e0000000, 0x00000000f4c00000, 0x0000000100000000)
  eden space 221184K, 0% used [0x00000000e0000000,0x00000000e0000000,0x00000000ed800000)
  from space 32768K, 99% used [0x00000000ed800000,0x00000000ef7f98d0,0x00000000ef800000)
  to   space 40960K, 0% used [0x00000000f2400000,0x00000000f2400000,0x00000000f4c00000)
 ParOldGen       total 198144K, used 74645K [0x00000000a0000000, 0x00000000ac180000, 0x00000000e0000000)
  object space 198144K, 37% used [0x00000000a0000000,0x00000000a48e5520,0x00000000ac180000)
 Metaspace       used 83827K, capacity 87716K, committed 88064K, reserved 1126400K
  class space    used 11173K, capacity 11967K, committed 12032K, reserved 1048576K
}
Event: 344.331 GC heap before
{Heap before GC invocations=21 (full 3):
 PSYoungGen      total 253952K, used 253926K [0x00000000e0000000, 0x00000000f4c00000, 0x0000000100000000)
  eden space 221184K, 100% used [0x00000000e0000000,0x00000000ed800000,0x00000000ed800000)
  from space 32768K, 99% used [0x00000000ed800000,0x00000000ef7f98d0,0x00000000ef800000)
  to   space 40960K, 0% used [0x00000000f2400000,0x00000000f2400000,0x00000000f4c00000)
 ParOldGen       total 198144K, used 74645K [0x00000000a0000000, 0x00000000ac180000, 0x00000000e0000000)
  object space 198144K, 37% used [0x00000000a0000000,0x00000000a48e5520,0x00000000ac180000)
 Metaspace       used 86497K, capacity 90594K, committed 90752K, reserved 1128448K
  class space    used 11553K, capacity 12334K, committed 12416K, reserved 1048576K
Event: 344.371 GC heap after
Heap after GC invocations=21 (full 3):
 PSYoungGen      total 297472K, used 29362K [0x00000000e0000000, 0x00000000f5300000, 0x0000000100000000)
  eden space 256512K, 0% used [0x00000000e0000000,0x00000000e0000000,0x00000000efa80000)
  from space 40960K, 71% used [0x00000000f2400000,0x00000000f40ac828,0x00000000f4c00000)
  to   space 42496K, 0% used [0x00000000efa80000,0x00000000efa80000,0x00000000f2400000)
 ParOldGen       total 198144K, used 84362K [0x00000000a0000000, 0x00000000ac180000, 0x00000000e0000000)
  object space 198144K, 42% used [0x00000000a0000000,0x00000000a5262bb8,0x00000000ac180000)
 Metaspace       used 86497K, capacity 90594K, committed 90752K, reserved 1128448K
  class space    used 11553K, capacity 12334K, committed 12416K, reserved 1048576K
}
Event: 345.203 GC heap before
{Heap before GC invocations=22 (full 3):
 PSYoungGen      total 297472K, used 285874K [0x00000000e0000000, 0x00000000f5300000, 0x0000000100000000)
  eden space 256512K, 100% used [0x00000000e0000000,0x00000000efa80000,0x00000000efa80000)
  from space 40960K, 71% used [0x00000000f2400000,0x00000000f40ac828,0x00000000f4c00000)
  to   space 42496K, 0% used [0x00000000efa80000,0x00000000efa80000,0x00000000f2400000)
 ParOldGen       total 198144K, used 84362K [0x00000000a0000000, 0x00000000ac180000, 0x00000000e0000000)
  object space 198144K, 42% used [0x00000000a0000000,0x00000000a5262bb8,0x00000000ac180000)
 Metaspace       used 91011K, capacity 95444K, committed 95616K, reserved 1132544K
  class space    used 12219K, capacity 13077K, committed 13184K, reserved 1048576K
Event: 345.229 GC heap after
Heap after GC invocations=22 (full 3):
 PSYoungGen      total 299008K, used 37821K [0x00000000e0000000, 0x00000000f8800000, 0x0000000100000000)
  eden space 256512K, 0% used [0x00000000e0000000,0x00000000e0000000,0x00000000efa80000)
  from space 42496K, 88% used [0x00000000efa80000,0x00000000f1f6f4a0,0x00000000f2400000)
  to   space 47104K, 0% used [0x00000000f5a00000,0x00000000f5a00000,0x00000000f8800000)
 ParOldGen       total 198144K, used 84370K [0x00000000a0000000, 0x00000000ac180000, 0x00000000e0000000)
  object space 198144K, 42% used [0x00000000a0000000,0x00000000a5264bb8,0x00000000ac180000)
 Metaspace       used 91011K, capacity 95444K, committed 95616K, reserved 1132544K
  class space    used 12219K, capacity 13077K, committed 13184K, reserved 1048576K
}

