# JRE version: OpenJDK Runtime Environment (8.0_242-b01) (build 1.8.0_242-release-1644-b01)
# Java VM: OpenJDK 64-Bit Server VM (25.242-b01 mixed mode windows-amd64 compressed oops)
Heap:
 PSYoungGen      total 119296K, used 42990K [0x00000000e0000000, 0x00000000e8080000, 0x0000000100000000)
  eden space 107008K, 29% used [0x00000000e0000000,0x00000000e1efe9f0,0x00000000e6880000)
  from space 12288K, 91% used [0x00000000e7480000,0x00000000e7f7ce50,0x00000000e8080000)
  to   space 12288K, 0% used [0x00000000e6880000,0x00000000e6880000,0x00000000e7480000)
 ParOldGen       total 97280K, used 18755K [0x00000000a0000000, 0x00000000a5f00000, 0x00000000e0000000)
  object space 97280K, 19% used [0x00000000a0000000,0x00000000a1250ff0,0x00000000a5f00000)
 Metaspace       used 46287K, capacity 47896K, committed 48040K, reserved 1091584K
  class space    used 6164K, capacity 6561K, committed 6568K, reserved 1048576K
GC Heap History (10 events):
Event: 5.154 GC heap before
{Heap before GC invocations=6 (full 1):
 PSYoungGen      total 75264K, used 64512K [0x00000000e0000000, 0x00000000e5400000, 0x0000000100000000)
  eden space 64512K, 100% used [0x00000000e0000000,0x00000000e3f00000,0x00000000e3f00000)
  from space 10752K, 0% used [0x00000000e4980000,0x00000000e4980000,0x00000000e5400000)
  to   space 10752K, 0% used [0x00000000e3f00000,0x00000000e3f00000,0x00000000e4980000)
 ParOldGen       total 97280K, used 9176K [0x00000000a0000000, 0x00000000a5f00000, 0x00000000e0000000)
  object space 97280K, 9% used [0x00000000a0000000,0x00000000a08f6070,0x00000000a5f00000)
 Metaspace       used 28341K, capacity 28990K, committed 29184K, reserved 1075200K
  class space    used 3876K, capacity 4082K, committed 4096K, reserved 1048576K
Event: 5.158 GC heap after
Heap after GC invocations=6 (full 1):
 PSYoungGen      total 75264K, used 7942K [0x00000000e0000000, 0x00000000e8100000, 0x0000000100000000)
  eden space 64512K, 0% used [0x00000000e0000000,0x00000000e0000000,0x00000000e3f00000)
  from space 10752K, 73% used [0x00000000e3f00000,0x00000000e46c18c8,0x00000000e4980000)
  to   space 12800K, 0% used [0x00000000e7480000,0x00000000e7480000,0x00000000e8100000)
 ParOldGen       total 97280K, used 9184K [0x00000000a0000000, 0x00000000a5f00000, 0x00000000e0000000)
  object space 97280K, 9% used [0x00000000a0000000,0x00000000a08f8070,0x00000000a5f00000)
 Metaspace       used 28341K, capacity 28990K, committed 29184K, reserved 1075200K
  class space    used 3876K, capacity 4082K, committed 4096K, reserved 1048576K
}
Event: 5.859 GC heap before
{Heap before GC invocations=7 (full 1):
 PSYoungGen      total 75264K, used 72454K [0x00000000e0000000, 0x00000000e8100000, 0x0000000100000000)
  eden space 64512K, 100% used [0x00000000e0000000,0x00000000e3f00000,0x00000000e3f00000)
  from space 10752K, 73% used [0x00000000e3f00000,0x00000000e46c18c8,0x00000000e4980000)
  to   space 12800K, 0% used [0x00000000e7480000,0x00000000e7480000,0x00000000e8100000)
 ParOldGen       total 97280K, used 9184K [0x00000000a0000000, 0x00000000a5f00000, 0x00000000e0000000)
  object space 97280K, 9% used [0x00000000a0000000,0x00000000a08f8070,0x00000000a5f00000)
 Metaspace       used 32264K, capacity 33162K, committed 33408K, reserved 1077248K
  class space    used 4365K, capacity 4627K, committed 4736K, reserved 1048576K
Event: 5.868 GC heap after
Heap after GC invocations=7 (full 1):
 PSYoungGen      total 119296K, used 9103K [0x00000000e0000000, 0x00000000e8080000, 0x0000000100000000)
  eden space 107008K, 0% used [0x00000000e0000000,0x00000000e0000000,0x00000000e6880000)
  from space 12288K, 74% used [0x00000000e7480000,0x00000000e7d63c20,0x00000000e8080000)
  to   space 12288K, 0% used [0x00000000e6880000,0x00000000e6880000,0x00000000e7480000)
 ParOldGen       total 97280K, used 9192K [0x00000000a0000000, 0x00000000a5f00000, 0x00000000e0000000)
  object space 97280K, 9% used [0x00000000a0000000,0x00000000a08fa070,0x00000000a5f00000)
 Metaspace       used 32264K, capacity 33162K, committed 33408K, reserved 1077248K
  class space    used 4365K, capacity 4627K, committed 4736K, reserved 1048576K
}
Event: 6.305 GC heap before
{Heap before GC invocations=8 (full 1):
 PSYoungGen      total 119296K, used 62482K [0x00000000e0000000, 0x00000000e8080000, 0x0000000100000000)
  eden space 107008K, 49% used [0x00000000e0000000,0x00000000e3420c18,0x00000000e6880000)
  from space 12288K, 74% used [0x00000000e7480000,0x00000000e7d63c20,0x00000000e8080000)
  to   space 12288K, 0% used [0x00000000e6880000,0x00000000e6880000,0x00000000e7480000)
 ParOldGen       total 97280K, used 9192K [0x00000000a0000000, 0x00000000a5f00000, 0x00000000e0000000)
  object space 97280K, 9% used [0x00000000a0000000,0x00000000a08fa070,0x00000000a5f00000)
 Metaspace       used 34479K, capacity 35390K, committed 35496K, reserved 1079296K
  class space    used 4748K, capacity 5001K, committed 5032K, reserved 1048576K
Event: 6.315 GC heap after
Heap after GC invocations=8 (full 1):
 PSYoungGen      total 119296K, used 11105K [0x00000000e0000000, 0x00000000e8080000, 0x0000000100000000)
  eden space 107008K, 0% used [0x00000000e0000000,0x00000000e0000000,0x00000000e6880000)
  from space 12288K, 90% used [0x00000000e6880000,0x00000000e73586a0,0x00000000e7480000)
  to   space 12288K, 0% used [0x00000000e7480000,0x00000000e7480000,0x00000000e8080000)
 ParOldGen       total 97280K, used 9192K [0x00000000a0000000, 0x00000000a5f00000, 0x00000000e0000000)
  object space 97280K, 9% used [0x00000000a0000000,0x00000000a08fa070,0x00000000a5f00000)
 Metaspace       used 34479K, capacity 35390K, committed 35496K, reserved 1079296K
  class space    used 4748K, capacity 5001K, committed 5032K, reserved 1048576K
}
Event: 6.315 GC heap before
{Heap before GC invocations=9 (full 2):
 PSYoungGen      total 119296K, used 11105K [0x00000000e0000000, 0x00000000e8080000, 0x0000000100000000)
  eden space 107008K, 0% used [0x00000000e0000000,0x00000000e0000000,0x00000000e6880000)
  from space 12288K, 90% used [0x00000000e6880000,0x00000000e73586a0,0x00000000e7480000)
  to   space 12288K, 0% used [0x00000000e7480000,0x00000000e7480000,0x00000000e8080000)
 ParOldGen       total 97280K, used 9192K [0x00000000a0000000, 0x00000000a5f00000, 0x00000000e0000000)
  object space 97280K, 9% used [0x00000000a0000000,0x00000000a08fa070,0x00000000a5f00000)
 Metaspace       used 34479K, capacity 35390K, committed 35496K, reserved 1079296K
  class space    used 4748K, capacity 5001K, committed 5032K, reserved 1048576K
Event: 6.362 GC heap after
Heap after GC invocations=9 (full 2):
 PSYoungGen      total 119296K, used 0K [0x00000000e0000000, 0x00000000e8080000, 0x0000000100000000)
  eden space 107008K, 0% used [0x00000000e0000000,0x00000000e0000000,0x00000000e6880000)
  from space 12288K, 0% used [0x00000000e6880000,0x00000000e6880000,0x00000000e7480000)
  to   space 12288K, 0% used [0x00000000e7480000,0x00000000e7480000,0x00000000e8080000)
 ParOldGen       total 97280K, used 18747K [0x00000000a0000000, 0x00000000a5f00000, 0x00000000e0000000)
  object space 97280K, 19% used [0x00000000a0000000,0x00000000a124eff0,0x00000000a5f00000)
 Metaspace       used 34479K, capacity 35390K, committed 35496K, reserved 1079296K
  class space    used 4748K, capacity 5001K, committed 5032K, reserved 1048576K
}
Event: 7.599 GC heap before
{Heap before GC invocations=10 (full 2):
 PSYoungGen      total 119296K, used 107008K [0x00000000e0000000, 0x00000000e8080000, 0x0000000100000000)
  eden space 107008K, 100% used [0x00000000e0000000,0x00000000e6880000,0x00000000e6880000)
  from space 12288K, 0% used [0x00000000e6880000,0x00000000e6880000,0x00000000e7480000)
  to   space 12288K, 0% used [0x00000000e7480000,0x00000000e7480000,0x00000000e8080000)
 ParOldGen       total 97280K, used 18747K [0x00000000a0000000, 0x00000000a5f00000, 0x00000000e0000000)
  object space 97280K, 19% used [0x00000000a0000000,0x00000000a124eff0,0x00000000a5f00000)
 Metaspace       used 42976K, capacity 44490K, committed 44584K, reserved 1087488K
  class space    used 5776K, capacity 6164K, committed 6184K, reserved 1048576K
Event: 7.606 GC heap after
Heap after GC invocations=10 (full 2):
 PSYoungGen      total 119296K, used 11251K [0x00000000e0000000, 0x00000000e8080000, 0x0000000100000000)
  eden space 107008K, 0% used [0x00000000e0000000,0x00000000e0000000,0x00000000e6880000)
  from space 12288K, 91% used [0x00000000e7480000,0x00000000e7f7ce50,0x00000000e8080000)
  to   space 12288K, 0% used [0x00000000e6880000,0x00000000e6880000,0x00000000e7480000)
 ParOldGen       total 97280K, used 18755K [0x00000000a0000000, 0x00000000a5f00000, 0x00000000e0000000)
  object space 97280K, 19% used [0x00000000a0000000,0x00000000a1250ff0,0x00000000a5f00000)
 Metaspace       used 42976K, capacity 44490K, committed 44584K, reserved 1087488K
  class space    used 5776K, capacity 6164K, committed 6184K, reserved 1048576K
}

