# JRE version: OpenJDK Runtime Environment (8.0_242-b01) (build 1.8.0_242-release-1644-b01)
# Java VM: OpenJDK 64-Bit Server VM (25.242-b01 mixed mode windows-amd64 compressed oops)
Heap:
 PSYoungGen      total 157184K, used 76562K [0x00000000e0000000, 0x00000000ec480000, 0x0000000100000000)
  eden space 146944K, 45% used [0x00000000e0000000,0x00000000e4136938,0x00000000e8f80000)
  from space 10240K, 95% used [0x00000000eba80000,0x00000000ec40df80,0x00000000ec480000)
  to   space 12800K, 0% used [0x00000000eab80000,0x00000000eab80000,0x00000000eb800000)
 ParOldGen       total 157184K, used 18057K [0x00000000a0000000, 0x00000000a9980000, 0x00000000e0000000)
  object space 157184K, 11% used [0x00000000a0000000,0x00000000a11a2650,0x00000000a9980000)
 Metaspace       used 47576K, capacity 49254K, committed 49576K, reserved 1091584K
  class space    used 6311K, capacity 6734K, committed 6824K, reserved 1048576K
GC Heap History (10 events):
Event: 4.878 GC heap before
{Heap before GC invocations=6 (full 1):
 PSYoungGen      total 75264K, used 64512K [0x00000000e0000000, 0x00000000e9300000, 0x0000000100000000)
  eden space 64512K, 100% used [0x00000000e0000000,0x00000000e3f00000,0x00000000e3f00000)
  from space 10752K, 0% used [0x00000000e4980000,0x00000000e4980000,0x00000000e5400000)
  to   space 10752K, 0% used [0x00000000e3f00000,0x00000000e3f00000,0x00000000e4980000)
 ParOldGen       total 98816K, used 9216K [0x00000000a0000000, 0x00000000a6080000, 0x00000000e0000000)
  object space 98816K, 9% used [0x00000000a0000000,0x00000000a0900010,0x00000000a6080000)
 Metaspace       used 28492K, capacity 29124K, committed 29440K, reserved 1075200K
  class space    used 3896K, capacity 4083K, committed 4096K, reserved 1048576K
Event: 4.882 GC heap after
Heap after GC invocations=6 (full 1):
 PSYoungGen      total 75264K, used 7997K [0x00000000e0000000, 0x00000000e7f00000, 0x0000000100000000)
  eden space 64512K, 0% used [0x00000000e0000000,0x00000000e0000000,0x00000000e3f00000)
  from space 10752K, 74% used [0x00000000e3f00000,0x00000000e46cf688,0x00000000e4980000)
  to   space 12800K, 0% used [0x00000000e7280000,0x00000000e7280000,0x00000000e7f00000)
 ParOldGen       total 98816K, used 9224K [0x00000000a0000000, 0x00000000a6080000, 0x00000000e0000000)
  object space 98816K, 9% used [0x00000000a0000000,0x00000000a0902010,0x00000000a6080000)
 Metaspace       used 28492K, capacity 29124K, committed 29440K, reserved 1075200K
  class space    used 3896K, capacity 4083K, committed 4096K, reserved 1048576K
}
Event: 5.531 GC heap before
{Heap before GC invocations=7 (full 1):
 PSYoungGen      total 75264K, used 72509K [0x00000000e0000000, 0x00000000e7f00000, 0x0000000100000000)
  eden space 64512K, 100% used [0x00000000e0000000,0x00000000e3f00000,0x00000000e3f00000)
  from space 10752K, 74% used [0x00000000e3f00000,0x00000000e46cf688,0x00000000e4980000)
  to   space 12800K, 0% used [0x00000000e7280000,0x00000000e7280000,0x00000000e7f00000)
 ParOldGen       total 98816K, used 9224K [0x00000000a0000000, 0x00000000a6080000, 0x00000000e0000000)
  object space 98816K, 9% used [0x00000000a0000000,0x00000000a0902010,0x00000000a6080000)
 Metaspace       used 32363K, capacity 33226K, committed 33408K, reserved 1077248K
  class space    used 4378K, capacity 4627K, committed 4736K, reserved 1048576K
Event: 5.539 GC heap after
Heap after GC invocations=7 (full 1):
 PSYoungGen      total 117760K, used 9148K [0x00000000e0000000, 0x00000000e7f00000, 0x0000000100000000)
  eden space 104960K, 0% used [0x00000000e0000000,0x00000000e0000000,0x00000000e6680000)
  from space 12800K, 71% used [0x00000000e7280000,0x00000000e7b6f0a8,0x00000000e7f00000)
  to   space 12288K, 0% used [0x00000000e6680000,0x00000000e6680000,0x00000000e7280000)
 ParOldGen       total 98816K, used 9232K [0x00000000a0000000, 0x00000000a6080000, 0x00000000e0000000)
  object space 98816K, 9% used [0x00000000a0000000,0x00000000a0904010,0x00000000a6080000)
 Metaspace       used 32363K, capacity 33226K, committed 33408K, reserved 1077248K
  class space    used 4378K, capacity 4627K, committed 4736K, reserved 1048576K
}
Event: 5.914 GC heap before
{Heap before GC invocations=8 (full 1):
 PSYoungGen      total 117760K, used 51461K [0x00000000e0000000, 0x00000000e7f00000, 0x0000000100000000)
  eden space 104960K, 40% used [0x00000000e0000000,0x00000000e2952608,0x00000000e6680000)
  from space 12800K, 71% used [0x00000000e7280000,0x00000000e7b6f0a8,0x00000000e7f00000)
  to   space 12288K, 0% used [0x00000000e6680000,0x00000000e6680000,0x00000000e7280000)
 ParOldGen       total 98816K, used 9232K [0x00000000a0000000, 0x00000000a6080000, 0x00000000e0000000)
  object space 98816K, 9% used [0x00000000a0000000,0x00000000a0904010,0x00000000a6080000)
 Metaspace       used 34559K, capacity 35426K, committed 35496K, reserved 1079296K
  class space    used 4733K, capacity 4993K, committed 5032K, reserved 1048576K
Event: 5.924 GC heap after
Heap after GC invocations=8 (full 1):
 PSYoungGen      total 117248K, used 10447K [0x00000000e0000000, 0x00000000ec700000, 0x0000000100000000)
  eden space 104960K, 0% used [0x00000000e0000000,0x00000000e0000000,0x00000000e6680000)
  from space 12288K, 85% used [0x00000000e6680000,0x00000000e70b3c80,0x00000000e7280000)
  to   space 12800K, 0% used [0x00000000eba80000,0x00000000eba80000,0x00000000ec700000)
 ParOldGen       total 98816K, used 9240K [0x00000000a0000000, 0x00000000a6080000, 0x00000000e0000000)
  object space 98816K, 9% used [0x00000000a0000000,0x00000000a0906010,0x00000000a6080000)
 Metaspace       used 34559K, capacity 35426K, committed 35496K, reserved 1079296K
  class space    used 4733K, capacity 4993K, committed 5032K, reserved 1048576K
}
Event: 5.924 GC heap before
{Heap before GC invocations=9 (full 2):
 PSYoungGen      total 117248K, used 10447K [0x00000000e0000000, 0x00000000ec700000, 0x0000000100000000)
  eden space 104960K, 0% used [0x00000000e0000000,0x00000000e0000000,0x00000000e6680000)
  from space 12288K, 85% used [0x00000000e6680000,0x00000000e70b3c80,0x00000000e7280000)
  to   space 12800K, 0% used [0x00000000eba80000,0x00000000eba80000,0x00000000ec700000)
 ParOldGen       total 98816K, used 9240K [0x00000000a0000000, 0x00000000a6080000, 0x00000000e0000000)
  object space 98816K, 9% used [0x00000000a0000000,0x00000000a0906010,0x00000000a6080000)
 Metaspace       used 34559K, capacity 35426K, committed 35496K, reserved 1079296K
  class space    used 4733K, capacity 4993K, committed 5032K, reserved 1048576K
Event: 5.973 GC heap after
Heap after GC invocations=9 (full 2):
 PSYoungGen      total 117248K, used 0K [0x00000000e0000000, 0x00000000ec700000, 0x0000000100000000)
  eden space 104960K, 0% used [0x00000000e0000000,0x00000000e0000000,0x00000000e6680000)
  from space 12288K, 0% used [0x00000000e6680000,0x00000000e6680000,0x00000000e7280000)
  to   space 12800K, 0% used [0x00000000eba80000,0x00000000eba80000,0x00000000ec700000)
 ParOldGen       total 157184K, used 18049K [0x00000000a0000000, 0x00000000a9980000, 0x00000000e0000000)
  object space 157184K, 11% used [0x00000000a0000000,0x00000000a11a0650,0x00000000a9980000)
 Metaspace       used 34559K, capacity 35426K, committed 35496K, reserved 1079296K
  class space    used 4733K, capacity 4993K, committed 5032K, reserved 1048576K
}
Event: 7.164 GC heap before
{Heap before GC invocations=10 (full 2):
 PSYoungGen      total 117248K, used 104960K [0x00000000e0000000, 0x00000000ec700000, 0x0000000100000000)
  eden space 104960K, 100% used [0x00000000e0000000,0x00000000e6680000,0x00000000e6680000)
  from space 12288K, 0% used [0x00000000e6680000,0x00000000e6680000,0x00000000e7280000)
  to   space 12800K, 0% used [0x00000000eba80000,0x00000000eba80000,0x00000000ec700000)
 ParOldGen       total 157184K, used 18049K [0x00000000a0000000, 0x00000000a9980000, 0x00000000e0000000)
  object space 157184K, 11% used [0x00000000a0000000,0x00000000a11a0650,0x00000000a9980000)
 Metaspace       used 40326K, capacity 41800K, committed 41896K, reserved 1085440K
  class space    used 5438K, capacity 5800K, committed 5800K, reserved 1048576K
Event: 7.170 GC heap after
Heap after GC invocations=10 (full 2):
 PSYoungGen      total 157184K, used 9783K [0x00000000e0000000, 0x00000000ec480000, 0x0000000100000000)
  eden space 146944K, 0% used [0x00000000e0000000,0x00000000e0000000,0x00000000e8f80000)
  from space 10240K, 95% used [0x00000000eba80000,0x00000000ec40df80,0x00000000ec480000)
  to   space 12800K, 0% used [0x00000000eab80000,0x00000000eab80000,0x00000000eb800000)
 ParOldGen       total 157184K, used 18057K [0x00000000a0000000, 0x00000000a9980000, 0x00000000e0000000)
  object space 157184K, 11% used [0x00000000a0000000,0x00000000a11a2650,0x00000000a9980000)
 Metaspace       used 40326K, capacity 41800K, committed 41896K, reserved 1085440K
  class space    used 5438K, capacity 5800K, committed 5800K, reserved 1048576K
}

