# JRE version: OpenJDK Runtime Environment (8.0_242-b01) (build 1.8.0_242-release-1644-b01)
# Java VM: OpenJDK 64-Bit Server VM (25.242-b01 mixed mode windows-amd64 compressed oops)
Heap:
 PSYoungGen      total 121344K, used 4456K [0x00000000e0000000, 0x00000000e8280000, 0x0000000100000000)
  eden space 109056K, 4% used [0x00000000e0000000,0x00000000e045a190,0x00000000e6a80000)
  from space 12288K, 0% used [0x00000000e6a80000,0x00000000e6a80000,0x00000000e7680000)
  to   space 11776K, 0% used [0x00000000e7700000,0x00000000e7700000,0x00000000e8280000)
 ParOldGen       total 153088K, used 18746K [0x00000000a0000000, 0x00000000a9580000, 0x00000000e0000000)
  object space 153088K, 12% used [0x00000000a0000000,0x00000000a124e9d0,0x00000000a9580000)
 Metaspace       used 34542K, capacity 35552K, committed 35880K, reserved 1079296K
  class space    used 4761K, capacity 5035K, committed 5160K, reserved 1048576K
GC Heap History (10 events):
Event: 5.165 GC heap before
{Heap before GC invocations=5 (full 1):
 PSYoungGen      total 75264K, used 9526K [0x00000000e0000000, 0x00000000e9300000, 0x0000000100000000)
  eden space 64512K, 0% used [0x00000000e0000000,0x00000000e0000000,0x00000000e3f00000)
  from space 10752K, 88% used [0x00000000e4980000,0x00000000e52cda90,0x00000000e5400000)
  to   space 10752K, 0% used [0x00000000e3f00000,0x00000000e3f00000,0x00000000e4980000)
 ParOldGen       total 172032K, used 1712K [0x00000000a0000000, 0x00000000aa800000, 0x00000000e0000000)
  object space 172032K, 0% used [0x00000000a0000000,0x00000000a01ac318,0x00000000aa800000)
 Metaspace       used 20587K, capacity 21180K, committed 21296K, reserved 1067008K
  class space    used 2977K, capacity 3145K, committed 3200K, reserved 1048576K
Event: 5.192 GC heap after
Heap after GC invocations=5 (full 1):
 PSYoungGen      total 75264K, used 0K [0x00000000e0000000, 0x00000000e9300000, 0x0000000100000000)
  eden space 64512K, 0% used [0x00000000e0000000,0x00000000e0000000,0x00000000e3f00000)
  from space 10752K, 0% used [0x00000000e4980000,0x00000000e4980000,0x00000000e5400000)
  to   space 10752K, 0% used [0x00000000e3f00000,0x00000000e3f00000,0x00000000e4980000)
 ParOldGen       total 94208K, used 9152K [0x00000000a0000000, 0x00000000a5c00000, 0x00000000e0000000)
  object space 94208K, 9% used [0x00000000a0000000,0x00000000a08f0160,0x00000000a5c00000)
 Metaspace       used 20587K, capacity 21180K, committed 21296K, reserved 1067008K
  class space    used 2977K, capacity 3145K, committed 3200K, reserved 1048576K
}
Event: 5.752 GC heap before
{Heap before GC invocations=6 (full 1):
 PSYoungGen      total 75264K, used 64512K [0x00000000e0000000, 0x00000000e9300000, 0x0000000100000000)
  eden space 64512K, 100% used [0x00000000e0000000,0x00000000e3f00000,0x00000000e3f00000)
  from space 10752K, 0% used [0x00000000e4980000,0x00000000e4980000,0x00000000e5400000)
  to   space 10752K, 0% used [0x00000000e3f00000,0x00000000e3f00000,0x00000000e4980000)
 ParOldGen       total 94208K, used 9152K [0x00000000a0000000, 0x00000000a5c00000, 0x00000000e0000000)
  object space 94208K, 9% used [0x00000000a0000000,0x00000000a08f0160,0x00000000a5c00000)
 Metaspace       used 28362K, capacity 28990K, committed 29184K, reserved 1075200K
  class space    used 3880K, capacity 4082K, committed 4096K, reserved 1048576K
Event: 5.757 GC heap after
Heap after GC invocations=6 (full 1):
 PSYoungGen      total 75264K, used 8011K [0x00000000e0000000, 0x00000000e8380000, 0x0000000100000000)
  eden space 64512K, 0% used [0x00000000e0000000,0x00000000e0000000,0x00000000e3f00000)
  from space 10752K, 74% used [0x00000000e3f00000,0x00000000e46d2ea8,0x00000000e4980000)
  to   space 12800K, 0% used [0x00000000e7700000,0x00000000e7700000,0x00000000e8380000)
 ParOldGen       total 94208K, used 9160K [0x00000000a0000000, 0x00000000a5c00000, 0x00000000e0000000)
  object space 94208K, 9% used [0x00000000a0000000,0x00000000a08f2160,0x00000000a5c00000)
 Metaspace       used 28362K, capacity 28990K, committed 29184K, reserved 1075200K
  class space    used 3880K, capacity 4082K, committed 4096K, reserved 1048576K
}
Event: 6.532 GC heap before
{Heap before GC invocations=7 (full 1):
 PSYoungGen      total 75264K, used 72523K [0x00000000e0000000, 0x00000000e8380000, 0x0000000100000000)
  eden space 64512K, 100% used [0x00000000e0000000,0x00000000e3f00000,0x00000000e3f00000)
  from space 10752K, 74% used [0x00000000e3f00000,0x00000000e46d2ea8,0x00000000e4980000)
  to   space 12800K, 0% used [0x00000000e7700000,0x00000000e7700000,0x00000000e8380000)
 ParOldGen       total 94208K, used 9160K [0x00000000a0000000, 0x00000000a5c00000, 0x00000000e0000000)
  object space 94208K, 9% used [0x00000000a0000000,0x00000000a08f2160,0x00000000a5c00000)
 Metaspace       used 32268K, capacity 33162K, committed 33408K, reserved 1077248K
  class space    used 4364K, capacity 4627K, committed 4736K, reserved 1048576K
Event: 6.540 GC heap after
Heap after GC invocations=7 (full 1):
 PSYoungGen      total 120832K, used 9191K [0x00000000e0000000, 0x00000000e8280000, 0x0000000100000000)
  eden space 109056K, 0% used [0x00000000e0000000,0x00000000e0000000,0x00000000e6a80000)
  from space 11776K, 78% used [0x00000000e7700000,0x00000000e7ff9c88,0x00000000e8280000)
  to   space 12288K, 0% used [0x00000000e6a80000,0x00000000e6a80000,0x00000000e7680000)
 ParOldGen       total 94208K, used 9168K [0x00000000a0000000, 0x00000000a5c00000, 0x00000000e0000000)
  object space 94208K, 9% used [0x00000000a0000000,0x00000000a08f4160,0x00000000a5c00000)
 Metaspace       used 32268K, capacity 33162K, committed 33408K, reserved 1077248K
  class space    used 4364K, capacity 4627K, committed 4736K, reserved 1048576K
}
Event: 7.012 GC heap before
{Heap before GC invocations=8 (full 1):
 PSYoungGen      total 120832K, used 61504K [0x00000000e0000000, 0x00000000e8280000, 0x0000000100000000)
  eden space 109056K, 47% used [0x00000000e0000000,0x00000000e33165d0,0x00000000e6a80000)
  from space 11776K, 78% used [0x00000000e7700000,0x00000000e7ff9c88,0x00000000e8280000)
  to   space 12288K, 0% used [0x00000000e6a80000,0x00000000e6a80000,0x00000000e7680000)
 ParOldGen       total 94208K, used 9168K [0x00000000a0000000, 0x00000000a5c00000, 0x00000000e0000000)
  object space 94208K, 9% used [0x00000000a0000000,0x00000000a08f4160,0x00000000a5c00000)
 Metaspace       used 34465K, capacity 35390K, committed 35496K, reserved 1079296K
  class space    used 4747K, capacity 5001K, committed 5032K, reserved 1048576K
Event: 7.023 GC heap after
Heap after GC invocations=8 (full 1):
 PSYoungGen      total 121344K, used 11137K [0x00000000e0000000, 0x00000000e8280000, 0x0000000100000000)
  eden space 109056K, 0% used [0x00000000e0000000,0x00000000e0000000,0x00000000e6a80000)
  from space 12288K, 90% used [0x00000000e6a80000,0x00000000e75606a0,0x00000000e7680000)
  to   space 11776K, 0% used [0x00000000e7700000,0x00000000e7700000,0x00000000e8280000)
 ParOldGen       total 94208K, used 9176K [0x00000000a0000000, 0x00000000a5c00000, 0x00000000e0000000)
  object space 94208K, 9% used [0x00000000a0000000,0x00000000a08f6160,0x00000000a5c00000)
 Metaspace       used 34465K, capacity 35390K, committed 35496K, reserved 1079296K
  class space    used 4747K, capacity 5001K, committed 5032K, reserved 1048576K
}
Event: 7.023 GC heap before
{Heap before GC invocations=9 (full 2):
 PSYoungGen      total 121344K, used 11137K [0x00000000e0000000, 0x00000000e8280000, 0x0000000100000000)
  eden space 109056K, 0% used [0x00000000e0000000,0x00000000e0000000,0x00000000e6a80000)
  from space 12288K, 90% used [0x00000000e6a80000,0x00000000e75606a0,0x00000000e7680000)
  to   space 11776K, 0% used [0x00000000e7700000,0x00000000e7700000,0x00000000e8280000)
 ParOldGen       total 94208K, used 9176K [0x00000000a0000000, 0x00000000a5c00000, 0x00000000e0000000)
  object space 94208K, 9% used [0x00000000a0000000,0x00000000a08f6160,0x00000000a5c00000)
 Metaspace       used 34465K, capacity 35390K, committed 35496K, reserved 1079296K
  class space    used 4747K, capacity 5001K, committed 5032K, reserved 1048576K
Event: 7.088 GC heap after
Heap after GC invocations=9 (full 2):
 PSYoungGen      total 121344K, used 0K [0x00000000e0000000, 0x00000000e8280000, 0x0000000100000000)
  eden space 109056K, 0% used [0x00000000e0000000,0x00000000e0000000,0x00000000e6a80000)
  from space 12288K, 0% used [0x00000000e6a80000,0x00000000e6a80000,0x00000000e7680000)
  to   space 11776K, 0% used [0x00000000e7700000,0x00000000e7700000,0x00000000e8280000)
 ParOldGen       total 153088K, used 18746K [0x00000000a0000000, 0x00000000a9580000, 0x00000000e0000000)
  object space 153088K, 12% used [0x00000000a0000000,0x00000000a124e9d0,0x00000000a9580000)
 Metaspace       used 34465K, capacity 35390K, committed 35496K, reserved 1079296K
  class space    used 4747K, capacity 5001K, committed 5032K, reserved 1048576K
}

