# JRE version: OpenJDK Runtime Environment (8.0_242-b01) (build 1.8.0_242-release-1644-b01)
# Java VM: OpenJDK 64-Bit Server VM (25.242-b01 mixed mode windows-amd64 compressed oops)
Heap:
 PSYoungGen      total 118272K, used 6777K [0x00000000e0000000, 0x00000000ec600000, 0x0000000100000000)
  eden space 105984K, 6% used [0x00000000e0000000,0x00000000e069e7d8,0x00000000e6780000)
  from space 12288K, 0% used [0x00000000e6780000,0x00000000e6780000,0x00000000e7380000)
  to   space 12800K, 0% used [0x00000000eb980000,0x00000000eb980000,0x00000000ec600000)
 ParOldGen       total 157696K, used 18116K [0x00000000a0000000, 0x00000000a9a00000, 0x00000000e0000000)
  object space 157696K, 11% used [0x00000000a0000000,0x00000000a11b1138,0x00000000a9a00000)
 Metaspace       used 35372K, capacity 36258K, committed 36392K, reserved 1081344K
  class space    used 4818K, capacity 5057K, committed 5160K, reserved 1048576K
GC Heap History (10 events):
Event: 4.317 GC heap before
{Heap before GC invocations=5 (full 1):
 PSYoungGen      total 75264K, used 9427K [0x00000000e0000000, 0x00000000e9300000, 0x0000000100000000)
  eden space 64512K, 0% used [0x00000000e0000000,0x00000000e0000000,0x00000000e3f00000)
  from space 10752K, 87% used [0x00000000e4980000,0x00000000e52b4f48,0x00000000e5400000)
  to   space 10752K, 0% used [0x00000000e3f00000,0x00000000e3f00000,0x00000000e4980000)
 ParOldGen       total 172032K, used 1590K [0x00000000a0000000, 0x00000000aa800000, 0x00000000e0000000)
  object space 172032K, 0% used [0x00000000a0000000,0x00000000a018d990,0x00000000aa800000)
 Metaspace       used 20590K, capacity 21180K, committed 21296K, reserved 1067008K
  class space    used 2978K, capacity 3145K, committed 3200K, reserved 1048576K
Event: 4.346 GC heap after
Heap after GC invocations=5 (full 1):
 PSYoungGen      total 75264K, used 0K [0x00000000e0000000, 0x00000000e9300000, 0x0000000100000000)
  eden space 64512K, 0% used [0x00000000e0000000,0x00000000e0000000,0x00000000e3f00000)
  from space 10752K, 0% used [0x00000000e4980000,0x00000000e4980000,0x00000000e5400000)
  to   space 10752K, 0% used [0x00000000e3f00000,0x00000000e3f00000,0x00000000e4980000)
 ParOldGen       total 98304K, used 9177K [0x00000000a0000000, 0x00000000a6000000, 0x00000000e0000000)
  object space 98304K, 9% used [0x00000000a0000000,0x00000000a08f6730,0x00000000a6000000)
 Metaspace       used 20590K, capacity 21180K, committed 21296K, reserved 1067008K
  class space    used 2978K, capacity 3145K, committed 3200K, reserved 1048576K
}
Event: 4.840 GC heap before
{Heap before GC invocations=6 (full 1):
 PSYoungGen      total 75264K, used 64512K [0x00000000e0000000, 0x00000000e9300000, 0x0000000100000000)
  eden space 64512K, 100% used [0x00000000e0000000,0x00000000e3f00000,0x00000000e3f00000)
  from space 10752K, 0% used [0x00000000e4980000,0x00000000e4980000,0x00000000e5400000)
  to   space 10752K, 0% used [0x00000000e3f00000,0x00000000e3f00000,0x00000000e4980000)
 ParOldGen       total 98304K, used 9177K [0x00000000a0000000, 0x00000000a6000000, 0x00000000e0000000)
  object space 98304K, 9% used [0x00000000a0000000,0x00000000a08f6730,0x00000000a6000000)
 Metaspace       used 28326K, capacity 28990K, committed 29184K, reserved 1075200K
  class space    used 3870K, capacity 4082K, committed 4096K, reserved 1048576K
Event: 4.844 GC heap after
Heap after GC invocations=6 (full 1):
 PSYoungGen      total 75264K, used 7817K [0x00000000e0000000, 0x00000000e8000000, 0x0000000100000000)
  eden space 64512K, 0% used [0x00000000e0000000,0x00000000e0000000,0x00000000e3f00000)
  from space 10752K, 72% used [0x00000000e3f00000,0x00000000e46a2528,0x00000000e4980000)
  to   space 12800K, 0% used [0x00000000e7380000,0x00000000e7380000,0x00000000e8000000)
 ParOldGen       total 98304K, used 9185K [0x00000000a0000000, 0x00000000a6000000, 0x00000000e0000000)
  object space 98304K, 9% used [0x00000000a0000000,0x00000000a08f8730,0x00000000a6000000)
 Metaspace       used 28326K, capacity 28990K, committed 29184K, reserved 1075200K
  class space    used 3870K, capacity 4082K, committed 4096K, reserved 1048576K
}
Event: 5.472 GC heap before
{Heap before GC invocations=7 (full 1):
 PSYoungGen      total 75264K, used 72329K [0x00000000e0000000, 0x00000000e8000000, 0x0000000100000000)
  eden space 64512K, 100% used [0x00000000e0000000,0x00000000e3f00000,0x00000000e3f00000)
  from space 10752K, 72% used [0x00000000e3f00000,0x00000000e46a2528,0x00000000e4980000)
  to   space 12800K, 0% used [0x00000000e7380000,0x00000000e7380000,0x00000000e8000000)
 ParOldGen       total 98304K, used 9185K [0x00000000a0000000, 0x00000000a6000000, 0x00000000e0000000)
  object space 98304K, 9% used [0x00000000a0000000,0x00000000a08f8730,0x00000000a6000000)
 Metaspace       used 32256K, capacity 33162K, committed 33408K, reserved 1077248K
  class space    used 4364K, capacity 4627K, committed 4736K, reserved 1048576K
Event: 5.480 GC heap after
Heap after GC invocations=7 (full 1):
 PSYoungGen      total 118272K, used 9273K [0x00000000e0000000, 0x00000000e7f80000, 0x0000000100000000)
  eden space 105984K, 0% used [0x00000000e0000000,0x00000000e0000000,0x00000000e6780000)
  from space 12288K, 75% used [0x00000000e7380000,0x00000000e7c8e7b0,0x00000000e7f80000)
  to   space 12288K, 0% used [0x00000000e6780000,0x00000000e6780000,0x00000000e7380000)
 ParOldGen       total 98304K, used 9193K [0x00000000a0000000, 0x00000000a6000000, 0x00000000e0000000)
  object space 98304K, 9% used [0x00000000a0000000,0x00000000a08fa730,0x00000000a6000000)
 Metaspace       used 32256K, capacity 33162K, committed 33408K, reserved 1077248K
  class space    used 4364K, capacity 4627K, committed 4736K, reserved 1048576K
}
Event: 5.870 GC heap before
{Heap before GC invocations=8 (full 1):
 PSYoungGen      total 118272K, used 51919K [0x00000000e0000000, 0x00000000e7f80000, 0x0000000100000000)
  eden space 105984K, 40% used [0x00000000e0000000,0x00000000e29a5670,0x00000000e6780000)
  from space 12288K, 75% used [0x00000000e7380000,0x00000000e7c8e7b0,0x00000000e7f80000)
  to   space 12288K, 0% used [0x00000000e6780000,0x00000000e6780000,0x00000000e7380000)
 ParOldGen       total 98304K, used 9193K [0x00000000a0000000, 0x00000000a6000000, 0x00000000e0000000)
  object space 98304K, 9% used [0x00000000a0000000,0x00000000a08fa730,0x00000000a6000000)
 Metaspace       used 34531K, capacity 35426K, committed 35496K, reserved 1079296K
  class space    used 4728K, capacity 4993K, committed 5032K, reserved 1048576K
Event: 5.877 GC heap after
Heap after GC invocations=8 (full 1):
 PSYoungGen      total 118272K, used 10553K [0x00000000e0000000, 0x00000000ec600000, 0x0000000100000000)
  eden space 105984K, 0% used [0x00000000e0000000,0x00000000e0000000,0x00000000e6780000)
  from space 12288K, 85% used [0x00000000e6780000,0x00000000e71ce640,0x00000000e7380000)
  to   space 12800K, 0% used [0x00000000eb980000,0x00000000eb980000,0x00000000ec600000)
 ParOldGen       total 98304K, used 9201K [0x00000000a0000000, 0x00000000a6000000, 0x00000000e0000000)
  object space 98304K, 9% used [0x00000000a0000000,0x00000000a08fc730,0x00000000a6000000)
 Metaspace       used 34531K, capacity 35426K, committed 35496K, reserved 1079296K
  class space    used 4728K, capacity 4993K, committed 5032K, reserved 1048576K
}
Event: 5.877 GC heap before
{Heap before GC invocations=9 (full 2):
 PSYoungGen      total 118272K, used 10553K [0x00000000e0000000, 0x00000000ec600000, 0x0000000100000000)
  eden space 105984K, 0% used [0x00000000e0000000,0x00000000e0000000,0x00000000e6780000)
  from space 12288K, 85% used [0x00000000e6780000,0x00000000e71ce640,0x00000000e7380000)
  to   space 12800K, 0% used [0x00000000eb980000,0x00000000eb980000,0x00000000ec600000)
 ParOldGen       total 98304K, used 9201K [0x00000000a0000000, 0x00000000a6000000, 0x00000000e0000000)
  object space 98304K, 9% used [0x00000000a0000000,0x00000000a08fc730,0x00000000a6000000)
 Metaspace       used 34531K, capacity 35426K, committed 35496K, reserved 1079296K
  class space    used 4728K, capacity 4993K, committed 5032K, reserved 1048576K
Event: 5.923 GC heap after
Heap after GC invocations=9 (full 2):
 PSYoungGen      total 118272K, used 0K [0x00000000e0000000, 0x00000000ec600000, 0x0000000100000000)
  eden space 105984K, 0% used [0x00000000e0000000,0x00000000e0000000,0x00000000e6780000)
  from space 12288K, 0% used [0x00000000e6780000,0x00000000e6780000,0x00000000e7380000)
  to   space 12800K, 0% used [0x00000000eb980000,0x00000000eb980000,0x00000000ec600000)
 ParOldGen       total 157696K, used 18116K [0x00000000a0000000, 0x00000000a9a00000, 0x00000000e0000000)
  object space 157696K, 11% used [0x00000000a0000000,0x00000000a11b1138,0x00000000a9a00000)
 Metaspace       used 34531K, capacity 35426K, committed 35496K, reserved 1079296K
  class space    used 4728K, capacity 4993K, committed 5032K, reserved 1048576K
}

