# JRE version: OpenJDK Runtime Environment (8.0_242-b01) (build 1.8.0_242-release-1644-b01)
# Java VM: OpenJDK 64-Bit Server VM (25.242-b01 mixed mode windows-amd64 compressed oops)
Heap:
 PSYoungGen      total 117760K, used 100299K [0x00000000e0000000, 0x00000000ec800000, 0x0000000100000000)
  eden space 105472K, 95% used [0x00000000e0000000,0x00000000e61f2d10,0x00000000e6700000)
  from space 12288K, 0% used [0x00000000e6700000,0x00000000e6700000,0x00000000e7300000)
  to   space 13312K, 0% used [0x00000000ebb00000,0x00000000ebb00000,0x00000000ec800000)
 ParOldGen       total 98816K, used 18745K [0x00000000a0000000, 0x00000000a6080000, 0x00000000e0000000)
  object space 98816K, 18% used [0x00000000a0000000,0x00000000a124e460,0x00000000a6080000)
 Metaspace       used 42246K, capacity 43824K, committed 44072K, reserved 1087488K
  class space    used 5663K, capacity 6069K, committed 6184K, reserved 1048576K
GC Heap History (10 events):
Event: 4.599 GC heap before
{Heap before GC invocations=5 (full 1):
 PSYoungGen      total 75264K, used 9475K [0x00000000e0000000, 0x00000000e9300000, 0x0000000100000000)
  eden space 64512K, 0% used [0x00000000e0000000,0x00000000e0000000,0x00000000e3f00000)
  from space 10752K, 88% used [0x00000000e4980000,0x00000000e52c0f58,0x00000000e5400000)
  to   space 10752K, 0% used [0x00000000e3f00000,0x00000000e3f00000,0x00000000e4980000)
 ParOldGen       total 172032K, used 1629K [0x00000000a0000000, 0x00000000aa800000, 0x00000000e0000000)
  object space 172032K, 0% used [0x00000000a0000000,0x00000000a0197690,0x00000000aa800000)
 Metaspace       used 20648K, capacity 21212K, committed 21296K, reserved 1067008K
  class space    used 2989K, capacity 3177K, committed 3200K, reserved 1048576K
Event: 4.627 GC heap after
Heap after GC invocations=5 (full 1):
 PSYoungGen      total 75264K, used 0K [0x00000000e0000000, 0x00000000e9300000, 0x0000000100000000)
  eden space 64512K, 0% used [0x00000000e0000000,0x00000000e0000000,0x00000000e3f00000)
  from space 10752K, 0% used [0x00000000e4980000,0x00000000e4980000,0x00000000e5400000)
  to   space 10752K, 0% used [0x00000000e3f00000,0x00000000e3f00000,0x00000000e4980000)
 ParOldGen       total 98816K, used 9222K [0x00000000a0000000, 0x00000000a6080000, 0x00000000e0000000)
  object space 98816K, 9% used [0x00000000a0000000,0x00000000a0901a88,0x00000000a6080000)
 Metaspace       used 20648K, capacity 21212K, committed 21296K, reserved 1067008K
  class space    used 2989K, capacity 3177K, committed 3200K, reserved 1048576K
}
Event: 5.183 GC heap before
{Heap before GC invocations=6 (full 1):
 PSYoungGen      total 75264K, used 64512K [0x00000000e0000000, 0x00000000e9300000, 0x0000000100000000)
  eden space 64512K, 100% used [0x00000000e0000000,0x00000000e3f00000,0x00000000e3f00000)
  from space 10752K, 0% used [0x00000000e4980000,0x00000000e4980000,0x00000000e5400000)
  to   space 10752K, 0% used [0x00000000e3f00000,0x00000000e3f00000,0x00000000e4980000)
 ParOldGen       total 98816K, used 9222K [0x00000000a0000000, 0x00000000a6080000, 0x00000000e0000000)
  object space 98816K, 9% used [0x00000000a0000000,0x00000000a0901a88,0x00000000a6080000)
 Metaspace       used 28342K, capacity 28958K, committed 29184K, reserved 1075200K
  class space    used 3873K, capacity 4050K, committed 4096K, reserved 1048576K
Event: 5.187 GC heap after
Heap after GC invocations=6 (full 1):
 PSYoungGen      total 75264K, used 7918K [0x00000000e0000000, 0x00000000e7f80000, 0x0000000100000000)
  eden space 64512K, 0% used [0x00000000e0000000,0x00000000e0000000,0x00000000e3f00000)
  from space 10752K, 73% used [0x00000000e3f00000,0x00000000e46bb830,0x00000000e4980000)
  to   space 12800K, 0% used [0x00000000e7300000,0x00000000e7300000,0x00000000e7f80000)
 ParOldGen       total 98816K, used 9230K [0x00000000a0000000, 0x00000000a6080000, 0x00000000e0000000)
  object space 98816K, 9% used [0x00000000a0000000,0x00000000a0903a88,0x00000000a6080000)
 Metaspace       used 28342K, capacity 28958K, committed 29184K, reserved 1075200K
  class space    used 3873K, capacity 4050K, committed 4096K, reserved 1048576K
}
Event: 5.872 GC heap before
{Heap before GC invocations=7 (full 1):
 PSYoungGen      total 75264K, used 72430K [0x00000000e0000000, 0x00000000e7f80000, 0x0000000100000000)
  eden space 64512K, 100% used [0x00000000e0000000,0x00000000e3f00000,0x00000000e3f00000)
  from space 10752K, 73% used [0x00000000e3f00000,0x00000000e46bb830,0x00000000e4980000)
  to   space 12800K, 0% used [0x00000000e7300000,0x00000000e7300000,0x00000000e7f80000)
 ParOldGen       total 98816K, used 9230K [0x00000000a0000000, 0x00000000a6080000, 0x00000000e0000000)
  object space 98816K, 9% used [0x00000000a0000000,0x00000000a0903a88,0x00000000a6080000)
 Metaspace       used 32248K, capacity 33162K, committed 33408K, reserved 1077248K
  class space    used 4360K, capacity 4627K, committed 4736K, reserved 1048576K
Event: 5.884 GC heap after
Heap after GC invocations=7 (full 1):
 PSYoungGen      total 118272K, used 9226K [0x00000000e0000000, 0x00000000e8100000, 0x0000000100000000)
  eden space 105472K, 0% used [0x00000000e0000000,0x00000000e0000000,0x00000000e6700000)
  from space 12800K, 72% used [0x00000000e7300000,0x00000000e7c02970,0x00000000e7f80000)
  to   space 12288K, 0% used [0x00000000e6700000,0x00000000e6700000,0x00000000e7300000)
 ParOldGen       total 98816K, used 9238K [0x00000000a0000000, 0x00000000a6080000, 0x00000000e0000000)
  object space 98816K, 9% used [0x00000000a0000000,0x00000000a0905a88,0x00000000a6080000)
 Metaspace       used 32248K, capacity 33162K, committed 33408K, reserved 1077248K
  class space    used 4360K, capacity 4627K, committed 4736K, reserved 1048576K
}
Event: 6.396 GC heap before
{Heap before GC invocations=8 (full 1):
 PSYoungGen      total 118272K, used 61534K [0x00000000e0000000, 0x00000000e8100000, 0x0000000100000000)
  eden space 105472K, 49% used [0x00000000e0000000,0x00000000e3315050,0x00000000e6700000)
  from space 12800K, 72% used [0x00000000e7300000,0x00000000e7c02970,0x00000000e7f80000)
  to   space 12288K, 0% used [0x00000000e6700000,0x00000000e6700000,0x00000000e7300000)
 ParOldGen       total 98816K, used 9238K [0x00000000a0000000, 0x00000000a6080000, 0x00000000e0000000)
  object space 98816K, 9% used [0x00000000a0000000,0x00000000a0905a88,0x00000000a6080000)
 Metaspace       used 34459K, capacity 35390K, committed 35496K, reserved 1079296K
  class space    used 4742K, capacity 5001K, committed 5032K, reserved 1048576K
Event: 6.406 GC heap after
Heap after GC invocations=8 (full 1):
 PSYoungGen      total 117760K, used 11121K [0x00000000e0000000, 0x00000000ec800000, 0x0000000100000000)
  eden space 105472K, 0% used [0x00000000e0000000,0x00000000e0000000,0x00000000e6700000)
  from space 12288K, 90% used [0x00000000e6700000,0x00000000e71dc480,0x00000000e7300000)
  to   space 13312K, 0% used [0x00000000ebb00000,0x00000000ebb00000,0x00000000ec800000)
 ParOldGen       total 98816K, used 9246K [0x00000000a0000000, 0x00000000a6080000, 0x00000000e0000000)
  object space 98816K, 9% used [0x00000000a0000000,0x00000000a0907a88,0x00000000a6080000)
 Metaspace       used 34459K, capacity 35390K, committed 35496K, reserved 1079296K
  class space    used 4742K, capacity 5001K, committed 5032K, reserved 1048576K
}
Event: 6.406 GC heap before
{Heap before GC invocations=9 (full 2):
 PSYoungGen      total 117760K, used 11121K [0x00000000e0000000, 0x00000000ec800000, 0x0000000100000000)
  eden space 105472K, 0% used [0x00000000e0000000,0x00000000e0000000,0x00000000e6700000)
  from space 12288K, 90% used [0x00000000e6700000,0x00000000e71dc480,0x00000000e7300000)
  to   space 13312K, 0% used [0x00000000ebb00000,0x00000000ebb00000,0x00000000ec800000)
 ParOldGen       total 98816K, used 9246K [0x00000000a0000000, 0x00000000a6080000, 0x00000000e0000000)
  object space 98816K, 9% used [0x00000000a0000000,0x00000000a0907a88,0x00000000a6080000)
 Metaspace       used 34459K, capacity 35390K, committed 35496K, reserved 1079296K
  class space    used 4742K, capacity 5001K, committed 5032K, reserved 1048576K
Event: 6.456 GC heap after
Heap after GC invocations=9 (full 2):
 PSYoungGen      total 117760K, used 0K [0x00000000e0000000, 0x00000000ec800000, 0x0000000100000000)
  eden space 105472K, 0% used [0x00000000e0000000,0x00000000e0000000,0x00000000e6700000)
  from space 12288K, 0% used [0x00000000e6700000,0x00000000e6700000,0x00000000e7300000)
  to   space 13312K, 0% used [0x00000000ebb00000,0x00000000ebb00000,0x00000000ec800000)
 ParOldGen       total 98816K, used 18745K [0x00000000a0000000, 0x00000000a6080000, 0x00000000e0000000)
  object space 98816K, 18% used [0x00000000a0000000,0x00000000a124e460,0x00000000a6080000)
 Metaspace       used 34459K, capacity 35390K, committed 35496K, reserved 1079296K
  class space    used 4742K, capacity 5001K, committed 5032K, reserved 1048576K
}

