# JRE version: OpenJDK Runtime Environment (8.0_242-b01) (build 1.8.0_242-release-1644-b01)
# Java VM: OpenJDK 64-Bit Server VM (25.242-b01 mixed mode windows-amd64 compressed oops)
Heap:
 PSYoungGen      total 115200K, used 55067K [0x00000000e0000000, 0x00000000e7e80000, 0x0000000100000000)
  eden space 102912K, 41% used [0x00000000e0000000,0x00000000e29cd8b0,0x00000000e6480000)
  from space 12288K, 99% used [0x00000000e6480000,0x00000000e7079400,0x00000000e7080000)
  to   space 12800K, 0% used [0x00000000e7080000,0x00000000e7080000,0x00000000e7d00000)
 ParOldGen       total 158720K, used 24882K [0x00000000a0000000, 0x00000000a9b00000, 0x00000000e0000000)
  object space 158720K, 15% used [0x00000000a0000000,0x00000000a184c878,0x00000000a9b00000)
 Metaspace       used 54675K, capacity 56558K, committed 56616K, reserved 1097728K
  class space    used 7229K, capacity 7671K, committed 7720K, reserved 1048576K
GC Heap History (10 events):
Event: 8.485 GC heap before
{Heap before GC invocations=7 (full 1):
 PSYoungGen      total 75264K, used 72293K [0x00000000e0000000, 0x00000000e7d00000, 0x0000000100000000)
  eden space 64512K, 100% used [0x00000000e0000000,0x00000000e3f00000,0x00000000e3f00000)
  from space 10752K, 72% used [0x00000000e3f00000,0x00000000e4699510,0x00000000e4980000)
  to   space 12800K, 0% used [0x00000000e7080000,0x00000000e7080000,0x00000000e7d00000)
 ParOldGen       total 100352K, used 9205K [0x00000000a0000000, 0x00000000a6200000, 0x00000000e0000000)
  object space 100352K, 9% used [0x00000000a0000000,0x00000000a08fd538,0x00000000a6200000)
 Metaspace       used 32238K, capacity 33060K, committed 33280K, reserved 1077248K
  class space    used 4358K, capacity 4593K, committed 4608K, reserved 1048576K
Event: 8.503 GC heap after
Heap after GC invocations=7 (full 1):
 PSYoungGen      total 115712K, used 9068K [0x00000000e0000000, 0x00000000e7e80000, 0x0000000100000000)
  eden space 102912K, 0% used [0x00000000e0000000,0x00000000e0000000,0x00000000e6480000)
  from space 12800K, 70% used [0x00000000e7080000,0x00000000e795b240,0x00000000e7d00000)
  to   space 12288K, 0% used [0x00000000e6480000,0x00000000e6480000,0x00000000e7080000)
 ParOldGen       total 100352K, used 9213K [0x00000000a0000000, 0x00000000a6200000, 0x00000000e0000000)
  object space 100352K, 9% used [0x00000000a0000000,0x00000000a08ff538,0x00000000a6200000)
 Metaspace       used 32238K, capacity 33060K, committed 33280K, reserved 1077248K
  class space    used 4358K, capacity 4593K, committed 4608K, reserved 1048576K
}
Event: 9.371 GC heap before
{Heap before GC invocations=8 (full 1):
 PSYoungGen      total 115712K, used 51553K [0x00000000e0000000, 0x00000000e7e80000, 0x0000000100000000)
  eden space 102912K, 41% used [0x00000000e0000000,0x00000000e297d408,0x00000000e6480000)
  from space 12800K, 70% used [0x00000000e7080000,0x00000000e795b240,0x00000000e7d00000)
  to   space 12288K, 0% used [0x00000000e6480000,0x00000000e6480000,0x00000000e7080000)
 ParOldGen       total 100352K, used 9213K [0x00000000a0000000, 0x00000000a6200000, 0x00000000e0000000)
  object space 100352K, 9% used [0x00000000a0000000,0x00000000a08ff538,0x00000000a6200000)
 Metaspace       used 34556K, capacity 35426K, committed 35496K, reserved 1079296K
  class space    used 4731K, capacity 4993K, committed 5032K, reserved 1048576K
Event: 9.389 GC heap after
Heap after GC invocations=8 (full 1):
 PSYoungGen      total 115200K, used 10472K [0x00000000e0000000, 0x00000000e7e80000, 0x0000000100000000)
  eden space 102912K, 0% used [0x00000000e0000000,0x00000000e0000000,0x00000000e6480000)
  from space 12288K, 85% used [0x00000000e6480000,0x00000000e6eba340,0x00000000e7080000)
  to   space 12800K, 0% used [0x00000000e7080000,0x00000000e7080000,0x00000000e7d00000)
 ParOldGen       total 100352K, used 9221K [0x00000000a0000000, 0x00000000a6200000, 0x00000000e0000000)
  object space 100352K, 9% used [0x00000000a0000000,0x00000000a0901538,0x00000000a6200000)
 Metaspace       used 34556K, capacity 35426K, committed 35496K, reserved 1079296K
  class space    used 4731K, capacity 4993K, committed 5032K, reserved 1048576K
}
Event: 9.389 GC heap before
{Heap before GC invocations=9 (full 2):
 PSYoungGen      total 115200K, used 10472K [0x00000000e0000000, 0x00000000e7e80000, 0x0000000100000000)
  eden space 102912K, 0% used [0x00000000e0000000,0x00000000e0000000,0x00000000e6480000)
  from space 12288K, 85% used [0x00000000e6480000,0x00000000e6eba340,0x00000000e7080000)
  to   space 12800K, 0% used [0x00000000e7080000,0x00000000e7080000,0x00000000e7d00000)
 ParOldGen       total 100352K, used 9221K [0x00000000a0000000, 0x00000000a6200000, 0x00000000e0000000)
  object space 100352K, 9% used [0x00000000a0000000,0x00000000a0901538,0x00000000a6200000)
 Metaspace       used 34556K, capacity 35426K, committed 35496K, reserved 1079296K
  class space    used 4731K, capacity 4993K, committed 5032K, reserved 1048576K
Event: 9.469 GC heap after
Heap after GC invocations=9 (full 2):
 PSYoungGen      total 115200K, used 0K [0x00000000e0000000, 0x00000000e7e80000, 0x0000000100000000)
  eden space 102912K, 0% used [0x00000000e0000000,0x00000000e0000000,0x00000000e6480000)
  from space 12288K, 0% used [0x00000000e6480000,0x00000000e6480000,0x00000000e7080000)
  to   space 12800K, 0% used [0x00000000e7080000,0x00000000e7080000,0x00000000e7d00000)
 ParOldGen       total 158720K, used 18143K [0x00000000a0000000, 0x00000000a9b00000, 0x00000000e0000000)
  object space 158720K, 11% used [0x00000000a0000000,0x00000000a11b7e68,0x00000000a9b00000)
 Metaspace       used 34556K, capacity 35426K, committed 35496K, reserved 1079296K
  class space    used 4731K, capacity 4993K, committed 5032K, reserved 1048576K
}
Event: 11.858 GC heap before
{Heap before GC invocations=10 (full 2):
 PSYoungGen      total 115200K, used 102912K [0x00000000e0000000, 0x00000000e7e80000, 0x0000000100000000)
  eden space 102912K, 100% used [0x00000000e0000000,0x00000000e6480000,0x00000000e6480000)
  from space 12288K, 0% used [0x00000000e6480000,0x00000000e6480000,0x00000000e7080000)
  to   space 12800K, 0% used [0x00000000e7080000,0x00000000e7080000,0x00000000e7d00000)
 ParOldGen       total 158720K, used 18143K [0x00000000a0000000, 0x00000000a9b00000, 0x00000000e0000000)
  object space 158720K, 11% used [0x00000000a0000000,0x00000000a11b7e68,0x00000000a9b00000)
 Metaspace       used 42121K, capacity 43528K, committed 43688K, reserved 1087488K
  class space    used 5676K, capacity 6037K, committed 6056K, reserved 1048576K
Event: 11.866 GC heap after
Heap after GC invocations=10 (full 2):
 PSYoungGen      total 115712K, used 11134K [0x00000000e0000000, 0x00000000e7e80000, 0x0000000100000000)
  eden space 102912K, 0% used [0x00000000e0000000,0x00000000e0000000,0x00000000e6480000)
  from space 12800K, 86% used [0x00000000e7080000,0x00000000e7b5fab8,0x00000000e7d00000)
  to   space 12288K, 0% used [0x00000000e6480000,0x00000000e6480000,0x00000000e7080000)
 ParOldGen       total 158720K, used 18151K [0x00000000a0000000, 0x00000000a9b00000, 0x00000000e0000000)
  object space 158720K, 11% used [0x00000000a0000000,0x00000000a11b9e68,0x00000000a9b00000)
 Metaspace       used 42121K, capacity 43528K, committed 43688K, reserved 1087488K
  class space    used 5676K, capacity 6037K, committed 6056K, reserved 1048576K
}
Event: 13.576 GC heap before
{Heap before GC invocations=11 (full 2):
 PSYoungGen      total 115712K, used 114046K [0x00000000e0000000, 0x00000000e7e80000, 0x0000000100000000)
  eden space 102912K, 100% used [0x00000000e0000000,0x00000000e6480000,0x00000000e6480000)
  from space 12800K, 86% used [0x00000000e7080000,0x00000000e7b5fab8,0x00000000e7d00000)
  to   space 12288K, 0% used [0x00000000e6480000,0x00000000e6480000,0x00000000e7080000)
 ParOldGen       total 158720K, used 18151K [0x00000000a0000000, 0x00000000a9b00000, 0x00000000e0000000)
  object space 158720K, 11% used [0x00000000a0000000,0x00000000a11b9e68,0x00000000a9b00000)
 Metaspace       used 52326K, capacity 53914K, committed 54184K, reserved 1095680K
  class space    used 6879K, capacity 7296K, committed 7336K, reserved 1048576K
Event: 13.590 GC heap after
Heap after GC invocations=11 (full 2):
 PSYoungGen      total 115200K, used 12261K [0x00000000e0000000, 0x00000000e7e80000, 0x0000000100000000)
  eden space 102912K, 0% used [0x00000000e0000000,0x00000000e0000000,0x00000000e6480000)
  from space 12288K, 99% used [0x00000000e6480000,0x00000000e7079400,0x00000000e7080000)
  to   space 12800K, 0% used [0x00000000e7080000,0x00000000e7080000,0x00000000e7d00000)
 ParOldGen       total 158720K, used 24882K [0x00000000a0000000, 0x00000000a9b00000, 0x00000000e0000000)
  object space 158720K, 15% used [0x00000000a0000000,0x00000000a184c878,0x00000000a9b00000)
 Metaspace       used 52326K, capacity 53914K, committed 54184K, reserved 1095680K
  class space    used 6879K, capacity 7296K, committed 7336K, reserved 1048576K
}

